<testsuites id="" name="" tests="28" failures="11" skipped="0" errors="0" time="217.34911499999998">
<testsuite name="00-connectivity-diagnostic.spec.ts" timestamp="2025-09-03T19:28:11.766Z" hostname="docker-infrastructure" tests="2" failures="0" skipped="0" time="9.023" errors="0">
<testcase name="🔬 Connectivity Diagnostic (Pre-flight) › Frontend-API connectivity health check @connectivity @critical" classname="00-connectivity-diagnostic.spec.ts" time="8.872">
<system-out>
<![CDATA[🔬 CONNECTIVITY DIAGNOSTIC - Preventing recurring frontend-API issues
========================================================================
🌐 Test URLs: API=http://localhost:8850, WEB=http://localhost:8849
🐳 Container networking: disabled (using localhost)
========================================================================
✅ API directly accessible from browser
📋 Testing quick login functionality...
✅ Login triggered API requests successfully
📊 Requests: POST http://localhost:8850/auth/login, GET http://localhost:8850/auth/permissions
✅ Database authentication working through API

🎯 CONNECTIVITY DIAGNOSTIC RESULTS:
===================================
⚠️ Warnings (2):
  1. Minor fetch issue (non-CORS): Failed to fetch
  2. Next.js environment data not properly loaded
]]>
</system-out>
</testcase>
<testcase name="🔬 Connectivity Diagnostic (Pre-flight) › Environment configuration verification @config @critical" classname="00-connectivity-diagnostic.spec.ts" time="0.151">
<system-out>
<![CDATA[🔧 Verifying centralized environment configuration...
📊 Configuration check: {
  "apiUrl": "http://localhost:8850",
  "webUrl": "http://localhost:8849",
  "portsFromEnv": {
    "api": "8850",
    "web": "8849"
  }
}
✅ Both services responding on environment-configured ports
]]>
</system-out>
</testcase>
</testsuite>
<testsuite name="infrastructure-check.spec.ts" timestamp="2025-09-03T19:28:11.766Z" hostname="docker-infrastructure" tests="5" failures="0" skipped="0" time="3.506" errors="0">
<testcase name="🏥 Infrastructure Health Check › Docker containers are running and healthy @infrastructure @critical" classname="infrastructure-check.spec.ts" time="0.402">
<system-out>
<![CDATA[
🔍 INFRASTRUCTURE PRE-FLIGHT CHECK STARTING...

✅ Running inside Docker container - skipping docker CLI checks
✅ Running in Docker container - testing service endpoints
✅ API Service: responding (200)
✅ Web Service: responding (200)
✅ All Docker containers are healthy

]]>
</system-out>
</testcase>
<testcase name="🏥 Infrastructure Health Check › Web frontend is accessible and responding @infrastructure @critical" classname="infrastructure-check.spec.ts" time="2.286">
<system-out>
<![CDATA[🌐 Testing frontend accessibility...
✅ Frontend: http://localhost:8849
✅ Frontend page loads correctly with content

]]>
</system-out>
</testcase>
<testcase name="🏥 Infrastructure Health Check › API backend is accessible and responding @infrastructure @critical" classname="infrastructure-check.spec.ts" time="0.218">
<system-out>
<![CDATA[🔗 Testing API accessibility...
✅ API: http://localhost:8850 - {"status":"healthy","timestamp":"2025-09-03T19:28:15.946Z"}
✅ API backend is healthy

]]>
</system-out>
</testcase>
<testcase name="🏥 Infrastructure Health Check › PostgreSQL database is accessible @infrastructure @critical" classname="infrastructure-check.spec.ts" time="0.278">
<system-out>
<![CDATA[🗄️ Testing database connectivity...
✅ Database accessible via API health check
✅ PostgreSQL database is healthy

]]>
</system-out>
</testcase>
<testcase name="🏥 Infrastructure Health Check › Direct port connectivity works @infrastructure @critical" classname="infrastructure-check.spec.ts" time="0.322">
<system-out>
<![CDATA[🌍 Testing direct port connectivity...
✅ Frontend Direct Port: http://localhost:8849
✅ API Direct Port: http://localhost:8850/health
✅ Direct port connectivity is working correctly

🎯 INFRASTRUCTURE CHECK COMPLETE
✅ System ready for comprehensive testing

================================================================================
]]>
</system-out>
</testcase>
</testsuite>
<testsuite name="optimized-test-suite.spec.ts" timestamp="2025-09-03T19:28:11.766Z" hostname="docker-core" tests="17" failures="11" skipped="0" time="344.861" errors="0">
<testcase name="🔥 Root Cause Detection › infrastructure health check @critical" classname="optimized-test-suite.spec.ts" time="3.814">
<system-out>
<![CDATA[✅ Infrastructure health check passed
]]>
</system-out>
</testcase>
<testcase name="🔥 Root Cause Detection › database and authentication foundation @critical" classname="optimized-test-suite.spec.ts" time="0.531">
<system-out>
<![CDATA[✅ Authentication foundation verified
]]>
</system-out>
</testcase>
<testcase name="🔥 Root Cause Detection › portal accessibility matrix @critical" classname="optimized-test-suite.spec.ts" time="22.668">
<failure message="optimized-test-suite.spec.ts:72:7 portal accessibility matrix @critical" type="FAILURE">
<![CDATA[  [docker-core] › optimized-test-suite.spec.ts:72:7 › 🔥 Root Cause Detection › portal accessibility matrix @critical 

    Error: page.goto: net::ERR_FAILED at http://localhost:8849/staff
    Call log:
      - navigating to "http://localhost:8849/staff", waiting until "load"


      79 |
      80 |     for (const portal of portals) {
    > 81 |       await page.goto(portal.path);
         |                  ^
      82 |       // Should either show content or redirect to login (not 500/404)
      83 |       await page.waitForTimeout(2000);
      84 |       const is500Error = await page.locator(':text("500")').isVisible();
        at /app/tests/e2e/optimized-test-suite.spec.ts:81:18

    attachment #1: screenshot (image/png) ──────────────────────────────────────────────────────────
    ../../test-results/optimized-test-suite-🔥-Ro-02dd8-cessibility-matrix-critical-docker-core/test-failed-1.png
    ────────────────────────────────────────────────────────────────────────────────────────────────

    attachment #2: video (video/webm) ──────────────────────────────────────────────────────────────
    ../../test-results/optimized-test-suite-🔥-Ro-02dd8-cessibility-matrix-critical-docker-core/video.webm
    ────────────────────────────────────────────────────────────────────────────────────────────────

    attachment #3: trace (application/zip) ─────────────────────────────────────────────────────────
    ../../test-results/optimized-test-suite-🔥-Ro-02dd8-cessibility-matrix-critical-docker-core/trace.zip
    Usage:

        npx playwright show-trace ../../test-results/optimized-test-suite-🔥-Ro-02dd8-cessibility-matrix-critical-docker-core/trace.zip

    ────────────────────────────────────────────────────────────────────────────────────────────────

    Retry #1 ───────────────────────────────────────────────────────────────────────────────────────

    Error: page.goto: net::ERR_FAILED at http://localhost:8849/staff
    Call log:
      - navigating to "http://localhost:8849/staff", waiting until "load"


      79 |
      80 |     for (const portal of portals) {
    > 81 |       await page.goto(portal.path);
         |                  ^
      82 |       // Should either show content or redirect to login (not 500/404)
      83 |       await page.waitForTimeout(2000);
      84 |       const is500Error = await page.locator(':text("500")').isVisible();
        at /app/tests/e2e/optimized-test-suite.spec.ts:81:18

    attachment #1: screenshot (image/png) ──────────────────────────────────────────────────────────
    ../../test-results/optimized-test-suite-🔥-Ro-02dd8-cessibility-matrix-critical-docker-core-retry1/test-failed-1.png
    ────────────────────────────────────────────────────────────────────────────────────────────────

    attachment #2: video (video/webm) ──────────────────────────────────────────────────────────────
    ../../test-results/optimized-test-suite-🔥-Ro-02dd8-cessibility-matrix-critical-docker-core-retry1/video.webm
    ────────────────────────────────────────────────────────────────────────────────────────────────

    attachment #3: trace (application/zip) ─────────────────────────────────────────────────────────
    ../../test-results/optimized-test-suite-🔥-Ro-02dd8-cessibility-matrix-critical-docker-core-retry1/trace.zip
    Usage:

        npx playwright show-trace ../../test-results/optimized-test-suite-🔥-Ro-02dd8-cessibility-matrix-critical-docker-core-retry1/trace.zip

    ────────────────────────────────────────────────────────────────────────────────────────────────

    Retry #2 ───────────────────────────────────────────────────────────────────────────────────────

    Error: page.goto: net::ERR_FAILED at http://localhost:8849/staff
    Call log:
      - navigating to "http://localhost:8849/staff", waiting until "load"


      79 |
      80 |     for (const portal of portals) {
    > 81 |       await page.goto(portal.path);
         |                  ^
      82 |       // Should either show content or redirect to login (not 500/404)
      83 |       await page.waitForTimeout(2000);
      84 |       const is500Error = await page.locator(':text("500")').isVisible();
        at /app/tests/e2e/optimized-test-suite.spec.ts:81:18

    attachment #1: screenshot (image/png) ──────────────────────────────────────────────────────────
    ../../test-results/optimized-test-suite-🔥-Ro-02dd8-cessibility-matrix-critical-docker-core-retry2/test-failed-1.png
    ────────────────────────────────────────────────────────────────────────────────────────────────

    attachment #2: video (video/webm) ──────────────────────────────────────────────────────────────
    ../../test-results/optimized-test-suite-🔥-Ro-02dd8-cessibility-matrix-critical-docker-core-retry2/video.webm
    ────────────────────────────────────────────────────────────────────────────────────────────────

    attachment #3: trace (application/zip) ─────────────────────────────────────────────────────────
    ../../test-results/optimized-test-suite-🔥-Ro-02dd8-cessibility-matrix-critical-docker-core-retry2/trace.zip
    Usage:

        npx playwright show-trace ../../test-results/optimized-test-suite-🔥-Ro-02dd8-cessibility-matrix-critical-docker-core-retry2/trace.zip

    ────────────────────────────────────────────────────────────────────────────────────────────────

    Retry #3 ───────────────────────────────────────────────────────────────────────────────────────

    Error: page.goto: net::ERR_FAILED at http://localhost:8849/staff
    Call log:
      - navigating to "http://localhost:8849/staff", waiting until "load"


      79 |
      80 |     for (const portal of portals) {
    > 81 |       await page.goto(portal.path);
         |                  ^
      82 |       // Should either show content or redirect to login (not 500/404)
      83 |       await page.waitForTimeout(2000);
      84 |       const is500Error = await page.locator(':text("500")').isVisible();
        at /app/tests/e2e/optimized-test-suite.spec.ts:81:18

    attachment #1: screenshot (image/png) ──────────────────────────────────────────────────────────
    ../../test-results/optimized-test-suite-🔥-Ro-02dd8-cessibility-matrix-critical-docker-core-retry3/test-failed-1.png
    ────────────────────────────────────────────────────────────────────────────────────────────────

    attachment #2: video (video/webm) ──────────────────────────────────────────────────────────────
    ../../test-results/optimized-test-suite-🔥-Ro-02dd8-cessibility-matrix-critical-docker-core-retry3/video.webm
    ────────────────────────────────────────────────────────────────────────────────────────────────

    attachment #3: trace (application/zip) ─────────────────────────────────────────────────────────
    ../../test-results/optimized-test-suite-🔥-Ro-02dd8-cessibility-matrix-critical-docker-core-retry3/trace.zip
    Usage:

        npx playwright show-trace ../../test-results/optimized-test-suite-🔥-Ro-02dd8-cessibility-matrix-critical-docker-core-retry3/trace.zip

    ────────────────────────────────────────────────────────────────────────────────────────────────
]]>
</failure>
<system-out>
<![CDATA[
[[ATTACHMENT|../test-results/optimized-test-suite-🔥-Ro-02dd8-cessibility-matrix-critical-docker-core/test-failed-1.png]]

[[ATTACHMENT|../test-results/optimized-test-suite-🔥-Ro-02dd8-cessibility-matrix-critical-docker-core/video.webm]]

[[ATTACHMENT|../test-results/optimized-test-suite-🔥-Ro-02dd8-cessibility-matrix-critical-docker-core/trace.zip]]

[[ATTACHMENT|../test-results/optimized-test-suite-🔥-Ro-02dd8-cessibility-matrix-critical-docker-core-retry1/test-failed-1.png]]

[[ATTACHMENT|../test-results/optimized-test-suite-🔥-Ro-02dd8-cessibility-matrix-critical-docker-core-retry1/video.webm]]

[[ATTACHMENT|../test-results/optimized-test-suite-🔥-Ro-02dd8-cessibility-matrix-critical-docker-core-retry1/trace.zip]]

[[ATTACHMENT|../test-results/optimized-test-suite-🔥-Ro-02dd8-cessibility-matrix-critical-docker-core-retry2/test-failed-1.png]]

[[ATTACHMENT|../test-results/optimized-test-suite-🔥-Ro-02dd8-cessibility-matrix-critical-docker-core-retry2/video.webm]]

[[ATTACHMENT|../test-results/optimized-test-suite-🔥-Ro-02dd8-cessibility-matrix-critical-docker-core-retry2/trace.zip]]

[[ATTACHMENT|../test-results/optimized-test-suite-🔥-Ro-02dd8-cessibility-matrix-critical-docker-core-retry3/test-failed-1.png]]

[[ATTACHMENT|../test-results/optimized-test-suite-🔥-Ro-02dd8-cessibility-matrix-critical-docker-core-retry3/video.webm]]

[[ATTACHMENT|../test-results/optimized-test-suite-🔥-Ro-02dd8-cessibility-matrix-critical-docker-core-retry3/trace.zip]]
]]>
</system-out>
</testcase>
<testcase name="🔥 Root Cause Detection › ACL permission system foundation @critical" classname="optimized-test-suite.spec.ts" time="0.769">
<system-out>
<![CDATA[✅ ACL permission system is active
]]>
</system-out>
</testcase>
<testcase name="🎯 Customer Portal Journey › complete customer workflow @core" classname="optimized-test-suite.spec.ts" time="2.555">
<failure message="optimized-test-suite.spec.ts:133:7 complete customer workflow @core" type="FAILURE">
<![CDATA[  [docker-core] › optimized-test-suite.spec.ts:133:7 › 🎯 Customer Portal Journey › complete customer workflow @core 

    ReferenceError: AuthHelpers is not defined

      127 |
      128 |   test.beforeEach(async ({ page }) => {
    > 129 |     authHelpers = new AuthHelpers(page);
          |     ^
      130 |     await authHelpers.quickLogin('customer');
      131 |   });
      132 |
        at /app/tests/e2e/optimized-test-suite.spec.ts:129:5

    attachment #1: screenshot (image/png) ──────────────────────────────────────────────────────────
    ../../test-results/optimized-test-suite-🎯-Cu-6396e-lete-customer-workflow-core-docker-core/test-failed-1.png
    ────────────────────────────────────────────────────────────────────────────────────────────────

    attachment #2: video (video/webm) ──────────────────────────────────────────────────────────────
    ../../test-results/optimized-test-suite-🎯-Cu-6396e-lete-customer-workflow-core-docker-core/video.webm
    ────────────────────────────────────────────────────────────────────────────────────────────────

    attachment #3: trace (application/zip) ─────────────────────────────────────────────────────────
    ../../test-results/optimized-test-suite-🎯-Cu-6396e-lete-customer-workflow-core-docker-core/trace.zip
    Usage:

        npx playwright show-trace ../../test-results/optimized-test-suite-🎯-Cu-6396e-lete-customer-workflow-core-docker-core/trace.zip

    ────────────────────────────────────────────────────────────────────────────────────────────────

    Retry #1 ───────────────────────────────────────────────────────────────────────────────────────

    ReferenceError: AuthHelpers is not defined

      127 |
      128 |   test.beforeEach(async ({ page }) => {
    > 129 |     authHelpers = new AuthHelpers(page);
          |     ^
      130 |     await authHelpers.quickLogin('customer');
      131 |   });
      132 |
        at /app/tests/e2e/optimized-test-suite.spec.ts:129:5

    attachment #1: screenshot (image/png) ──────────────────────────────────────────────────────────
    ../../test-results/optimized-test-suite-🎯-Cu-6396e-lete-customer-workflow-core-docker-core-retry1/test-failed-1.png
    ────────────────────────────────────────────────────────────────────────────────────────────────

    attachment #2: video (video/webm) ──────────────────────────────────────────────────────────────
    ../../test-results/optimized-test-suite-🎯-Cu-6396e-lete-customer-workflow-core-docker-core-retry1/video.webm
    ────────────────────────────────────────────────────────────────────────────────────────────────

    attachment #3: trace (application/zip) ─────────────────────────────────────────────────────────
    ../../test-results/optimized-test-suite-🎯-Cu-6396e-lete-customer-workflow-core-docker-core-retry1/trace.zip
    Usage:

        npx playwright show-trace ../../test-results/optimized-test-suite-🎯-Cu-6396e-lete-customer-workflow-core-docker-core-retry1/trace.zip

    ────────────────────────────────────────────────────────────────────────────────────────────────

    Retry #2 ───────────────────────────────────────────────────────────────────────────────────────

    ReferenceError: AuthHelpers is not defined

      127 |
      128 |   test.beforeEach(async ({ page }) => {
    > 129 |     authHelpers = new AuthHelpers(page);
          |     ^
      130 |     await authHelpers.quickLogin('customer');
      131 |   });
      132 |
        at /app/tests/e2e/optimized-test-suite.spec.ts:129:5

    attachment #1: screenshot (image/png) ──────────────────────────────────────────────────────────
    ../../test-results/optimized-test-suite-🎯-Cu-6396e-lete-customer-workflow-core-docker-core-retry2/test-failed-1.png
    ────────────────────────────────────────────────────────────────────────────────────────────────

    attachment #2: video (video/webm) ──────────────────────────────────────────────────────────────
    ../../test-results/optimized-test-suite-🎯-Cu-6396e-lete-customer-workflow-core-docker-core-retry2/video.webm
    ────────────────────────────────────────────────────────────────────────────────────────────────

    attachment #3: trace (application/zip) ─────────────────────────────────────────────────────────
    ../../test-results/optimized-test-suite-🎯-Cu-6396e-lete-customer-workflow-core-docker-core-retry2/trace.zip
    Usage:

        npx playwright show-trace ../../test-results/optimized-test-suite-🎯-Cu-6396e-lete-customer-workflow-core-docker-core-retry2/trace.zip

    ────────────────────────────────────────────────────────────────────────────────────────────────

    Retry #3 ───────────────────────────────────────────────────────────────────────────────────────

    ReferenceError: AuthHelpers is not defined

      127 |
      128 |   test.beforeEach(async ({ page }) => {
    > 129 |     authHelpers = new AuthHelpers(page);
          |     ^
      130 |     await authHelpers.quickLogin('customer');
      131 |   });
      132 |
        at /app/tests/e2e/optimized-test-suite.spec.ts:129:5

    attachment #1: screenshot (image/png) ──────────────────────────────────────────────────────────
    ../../test-results/optimized-test-suite-🎯-Cu-6396e-lete-customer-workflow-core-docker-core-retry3/test-failed-1.png
    ────────────────────────────────────────────────────────────────────────────────────────────────

    attachment #2: video (video/webm) ──────────────────────────────────────────────────────────────
    ../../test-results/optimized-test-suite-🎯-Cu-6396e-lete-customer-workflow-core-docker-core-retry3/video.webm
    ────────────────────────────────────────────────────────────────────────────────────────────────

    attachment #3: trace (application/zip) ─────────────────────────────────────────────────────────
    ../../test-results/optimized-test-suite-🎯-Cu-6396e-lete-customer-workflow-core-docker-core-retry3/trace.zip
    Usage:

        npx playwright show-trace ../../test-results/optimized-test-suite-🎯-Cu-6396e-lete-customer-workflow-core-docker-core-retry3/trace.zip

    ────────────────────────────────────────────────────────────────────────────────────────────────
]]>
</failure>
<system-out>
<![CDATA[
[[ATTACHMENT|../test-results/optimized-test-suite-🎯-Cu-6396e-lete-customer-workflow-core-docker-core/test-failed-1.png]]

[[ATTACHMENT|../test-results/optimized-test-suite-🎯-Cu-6396e-lete-customer-workflow-core-docker-core/video.webm]]

[[ATTACHMENT|../test-results/optimized-test-suite-🎯-Cu-6396e-lete-customer-workflow-core-docker-core/trace.zip]]

[[ATTACHMENT|../test-results/optimized-test-suite-🎯-Cu-6396e-lete-customer-workflow-core-docker-core-retry1/test-failed-1.png]]

[[ATTACHMENT|../test-results/optimized-test-suite-🎯-Cu-6396e-lete-customer-workflow-core-docker-core-retry1/video.webm]]

[[ATTACHMENT|../test-results/optimized-test-suite-🎯-Cu-6396e-lete-customer-workflow-core-docker-core-retry1/trace.zip]]

[[ATTACHMENT|../test-results/optimized-test-suite-🎯-Cu-6396e-lete-customer-workflow-core-docker-core-retry2/test-failed-1.png]]

[[ATTACHMENT|../test-results/optimized-test-suite-🎯-Cu-6396e-lete-customer-workflow-core-docker-core-retry2/video.webm]]

[[ATTACHMENT|../test-results/optimized-test-suite-🎯-Cu-6396e-lete-customer-workflow-core-docker-core-retry2/trace.zip]]

[[ATTACHMENT|../test-results/optimized-test-suite-🎯-Cu-6396e-lete-customer-workflow-core-docker-core-retry3/test-failed-1.png]]

[[ATTACHMENT|../test-results/optimized-test-suite-🎯-Cu-6396e-lete-customer-workflow-core-docker-core-retry3/video.webm]]

[[ATTACHMENT|../test-results/optimized-test-suite-🎯-Cu-6396e-lete-customer-workflow-core-docker-core-retry3/trace.zip]]
]]>
</system-out>
</testcase>
<testcase name="🎯 Staff Portal Journey › complete staff workflow @core" classname="optimized-test-suite.spec.ts" time="2.643">
<failure message="optimized-test-suite.spec.ts:193:7 complete staff workflow @core" type="FAILURE">
<![CDATA[  [docker-core] › optimized-test-suite.spec.ts:193:7 › 🎯 Staff Portal Journey › complete staff workflow @core 

    ReferenceError: AuthHelpers is not defined

      187 |
      188 |   test.beforeEach(async ({ page }) => {
    > 189 |     authHelpers = new AuthHelpers(page);
          |     ^
      190 |     await authHelpers.quickLogin('staff');
      191 |   });
      192 |
        at /app/tests/e2e/optimized-test-suite.spec.ts:189:5

    attachment #1: screenshot (image/png) ──────────────────────────────────────────────────────────
    ../../test-results/optimized-test-suite-🎯-St-494cd-omplete-staff-workflow-core-docker-core/test-failed-1.png
    ────────────────────────────────────────────────────────────────────────────────────────────────

    attachment #2: video (video/webm) ──────────────────────────────────────────────────────────────
    ../../test-results/optimized-test-suite-🎯-St-494cd-omplete-staff-workflow-core-docker-core/video.webm
    ────────────────────────────────────────────────────────────────────────────────────────────────

    attachment #3: trace (application/zip) ─────────────────────────────────────────────────────────
    ../../test-results/optimized-test-suite-🎯-St-494cd-omplete-staff-workflow-core-docker-core/trace.zip
    Usage:

        npx playwright show-trace ../../test-results/optimized-test-suite-🎯-St-494cd-omplete-staff-workflow-core-docker-core/trace.zip

    ────────────────────────────────────────────────────────────────────────────────────────────────

    Retry #1 ───────────────────────────────────────────────────────────────────────────────────────

    ReferenceError: AuthHelpers is not defined

      187 |
      188 |   test.beforeEach(async ({ page }) => {
    > 189 |     authHelpers = new AuthHelpers(page);
          |     ^
      190 |     await authHelpers.quickLogin('staff');
      191 |   });
      192 |
        at /app/tests/e2e/optimized-test-suite.spec.ts:189:5

    attachment #1: screenshot (image/png) ──────────────────────────────────────────────────────────
    ../../test-results/optimized-test-suite-🎯-St-494cd-omplete-staff-workflow-core-docker-core-retry1/test-failed-1.png
    ────────────────────────────────────────────────────────────────────────────────────────────────

    attachment #2: video (video/webm) ──────────────────────────────────────────────────────────────
    ../../test-results/optimized-test-suite-🎯-St-494cd-omplete-staff-workflow-core-docker-core-retry1/video.webm
    ────────────────────────────────────────────────────────────────────────────────────────────────

    attachment #3: trace (application/zip) ─────────────────────────────────────────────────────────
    ../../test-results/optimized-test-suite-🎯-St-494cd-omplete-staff-workflow-core-docker-core-retry1/trace.zip
    Usage:

        npx playwright show-trace ../../test-results/optimized-test-suite-🎯-St-494cd-omplete-staff-workflow-core-docker-core-retry1/trace.zip

    ────────────────────────────────────────────────────────────────────────────────────────────────

    Retry #2 ───────────────────────────────────────────────────────────────────────────────────────

    ReferenceError: AuthHelpers is not defined

      187 |
      188 |   test.beforeEach(async ({ page }) => {
    > 189 |     authHelpers = new AuthHelpers(page);
          |     ^
      190 |     await authHelpers.quickLogin('staff');
      191 |   });
      192 |
        at /app/tests/e2e/optimized-test-suite.spec.ts:189:5

    attachment #1: screenshot (image/png) ──────────────────────────────────────────────────────────
    ../../test-results/optimized-test-suite-🎯-St-494cd-omplete-staff-workflow-core-docker-core-retry2/test-failed-1.png
    ────────────────────────────────────────────────────────────────────────────────────────────────

    attachment #2: video (video/webm) ──────────────────────────────────────────────────────────────
    ../../test-results/optimized-test-suite-🎯-St-494cd-omplete-staff-workflow-core-docker-core-retry2/video.webm
    ────────────────────────────────────────────────────────────────────────────────────────────────

    attachment #3: trace (application/zip) ─────────────────────────────────────────────────────────
    ../../test-results/optimized-test-suite-🎯-St-494cd-omplete-staff-workflow-core-docker-core-retry2/trace.zip
    Usage:

        npx playwright show-trace ../../test-results/optimized-test-suite-🎯-St-494cd-omplete-staff-workflow-core-docker-core-retry2/trace.zip

    ────────────────────────────────────────────────────────────────────────────────────────────────

    Retry #3 ───────────────────────────────────────────────────────────────────────────────────────

    ReferenceError: AuthHelpers is not defined

      187 |
      188 |   test.beforeEach(async ({ page }) => {
    > 189 |     authHelpers = new AuthHelpers(page);
          |     ^
      190 |     await authHelpers.quickLogin('staff');
      191 |   });
      192 |
        at /app/tests/e2e/optimized-test-suite.spec.ts:189:5

    attachment #1: screenshot (image/png) ──────────────────────────────────────────────────────────
    ../../test-results/optimized-test-suite-🎯-St-494cd-omplete-staff-workflow-core-docker-core-retry3/test-failed-1.png
    ────────────────────────────────────────────────────────────────────────────────────────────────

    attachment #2: video (video/webm) ──────────────────────────────────────────────────────────────
    ../../test-results/optimized-test-suite-🎯-St-494cd-omplete-staff-workflow-core-docker-core-retry3/video.webm
    ────────────────────────────────────────────────────────────────────────────────────────────────

    attachment #3: trace (application/zip) ─────────────────────────────────────────────────────────
    ../../test-results/optimized-test-suite-🎯-St-494cd-omplete-staff-workflow-core-docker-core-retry3/trace.zip
    Usage:

        npx playwright show-trace ../../test-results/optimized-test-suite-🎯-St-494cd-omplete-staff-workflow-core-docker-core-retry3/trace.zip

    ────────────────────────────────────────────────────────────────────────────────────────────────
]]>
</failure>
<system-out>
<![CDATA[
[[ATTACHMENT|../test-results/optimized-test-suite-🎯-St-494cd-omplete-staff-workflow-core-docker-core/test-failed-1.png]]

[[ATTACHMENT|../test-results/optimized-test-suite-🎯-St-494cd-omplete-staff-workflow-core-docker-core/video.webm]]

[[ATTACHMENT|../test-results/optimized-test-suite-🎯-St-494cd-omplete-staff-workflow-core-docker-core/trace.zip]]

[[ATTACHMENT|../test-results/optimized-test-suite-🎯-St-494cd-omplete-staff-workflow-core-docker-core-retry1/test-failed-1.png]]

[[ATTACHMENT|../test-results/optimized-test-suite-🎯-St-494cd-omplete-staff-workflow-core-docker-core-retry1/video.webm]]

[[ATTACHMENT|../test-results/optimized-test-suite-🎯-St-494cd-omplete-staff-workflow-core-docker-core-retry1/trace.zip]]

[[ATTACHMENT|../test-results/optimized-test-suite-🎯-St-494cd-omplete-staff-workflow-core-docker-core-retry2/test-failed-1.png]]

[[ATTACHMENT|../test-results/optimized-test-suite-🎯-St-494cd-omplete-staff-workflow-core-docker-core-retry2/video.webm]]

[[ATTACHMENT|../test-results/optimized-test-suite-🎯-St-494cd-omplete-staff-workflow-core-docker-core-retry2/trace.zip]]

[[ATTACHMENT|../test-results/optimized-test-suite-🎯-St-494cd-omplete-staff-workflow-core-docker-core-retry3/test-failed-1.png]]

[[ATTACHMENT|../test-results/optimized-test-suite-🎯-St-494cd-omplete-staff-workflow-core-docker-core-retry3/video.webm]]

[[ATTACHMENT|../test-results/optimized-test-suite-🎯-St-494cd-omplete-staff-workflow-core-docker-core-retry3/trace.zip]]
]]>
</system-out>
</testcase>
<testcase name="🎯 Staff Portal Journey › admin features visibility @admin" classname="optimized-test-suite.spec.ts" time="2.482">
<failure message="optimized-test-suite.spec.ts:237:7 admin features visibility @admin" type="FAILURE">
<![CDATA[  [docker-core] › optimized-test-suite.spec.ts:237:7 › 🎯 Staff Portal Journey › admin features visibility @admin 

    ReferenceError: AuthHelpers is not defined

      187 |
      188 |   test.beforeEach(async ({ page }) => {
    > 189 |     authHelpers = new AuthHelpers(page);
          |     ^
      190 |     await authHelpers.quickLogin('staff');
      191 |   });
      192 |
        at /app/tests/e2e/optimized-test-suite.spec.ts:189:5

    attachment #1: screenshot (image/png) ──────────────────────────────────────────────────────────
    ../../test-results/optimized-test-suite-🎯-St-a8d48-n-features-visibility-admin-docker-core/test-failed-1.png
    ────────────────────────────────────────────────────────────────────────────────────────────────

    attachment #2: video (video/webm) ──────────────────────────────────────────────────────────────
    ../../test-results/optimized-test-suite-🎯-St-a8d48-n-features-visibility-admin-docker-core/video.webm
    ────────────────────────────────────────────────────────────────────────────────────────────────

    attachment #3: trace (application/zip) ─────────────────────────────────────────────────────────
    ../../test-results/optimized-test-suite-🎯-St-a8d48-n-features-visibility-admin-docker-core/trace.zip
    Usage:

        npx playwright show-trace ../../test-results/optimized-test-suite-🎯-St-a8d48-n-features-visibility-admin-docker-core/trace.zip

    ────────────────────────────────────────────────────────────────────────────────────────────────

    Retry #1 ───────────────────────────────────────────────────────────────────────────────────────

    ReferenceError: AuthHelpers is not defined

      187 |
      188 |   test.beforeEach(async ({ page }) => {
    > 189 |     authHelpers = new AuthHelpers(page);
          |     ^
      190 |     await authHelpers.quickLogin('staff');
      191 |   });
      192 |
        at /app/tests/e2e/optimized-test-suite.spec.ts:189:5

    attachment #1: screenshot (image/png) ──────────────────────────────────────────────────────────
    ../../test-results/optimized-test-suite-🎯-St-a8d48-n-features-visibility-admin-docker-core-retry1/test-failed-1.png
    ────────────────────────────────────────────────────────────────────────────────────────────────

    attachment #2: video (video/webm) ──────────────────────────────────────────────────────────────
    ../../test-results/optimized-test-suite-🎯-St-a8d48-n-features-visibility-admin-docker-core-retry1/video.webm
    ────────────────────────────────────────────────────────────────────────────────────────────────

    attachment #3: trace (application/zip) ─────────────────────────────────────────────────────────
    ../../test-results/optimized-test-suite-🎯-St-a8d48-n-features-visibility-admin-docker-core-retry1/trace.zip
    Usage:

        npx playwright show-trace ../../test-results/optimized-test-suite-🎯-St-a8d48-n-features-visibility-admin-docker-core-retry1/trace.zip

    ────────────────────────────────────────────────────────────────────────────────────────────────

    Retry #2 ───────────────────────────────────────────────────────────────────────────────────────

    ReferenceError: AuthHelpers is not defined

      187 |
      188 |   test.beforeEach(async ({ page }) => {
    > 189 |     authHelpers = new AuthHelpers(page);
          |     ^
      190 |     await authHelpers.quickLogin('staff');
      191 |   });
      192 |
        at /app/tests/e2e/optimized-test-suite.spec.ts:189:5

    attachment #1: screenshot (image/png) ──────────────────────────────────────────────────────────
    ../../test-results/optimized-test-suite-🎯-St-a8d48-n-features-visibility-admin-docker-core-retry2/test-failed-1.png
    ────────────────────────────────────────────────────────────────────────────────────────────────

    attachment #2: video (video/webm) ──────────────────────────────────────────────────────────────
    ../../test-results/optimized-test-suite-🎯-St-a8d48-n-features-visibility-admin-docker-core-retry2/video.webm
    ────────────────────────────────────────────────────────────────────────────────────────────────

    attachment #3: trace (application/zip) ─────────────────────────────────────────────────────────
    ../../test-results/optimized-test-suite-🎯-St-a8d48-n-features-visibility-admin-docker-core-retry2/trace.zip
    Usage:

        npx playwright show-trace ../../test-results/optimized-test-suite-🎯-St-a8d48-n-features-visibility-admin-docker-core-retry2/trace.zip

    ────────────────────────────────────────────────────────────────────────────────────────────────

    Retry #3 ───────────────────────────────────────────────────────────────────────────────────────

    ReferenceError: AuthHelpers is not defined

      187 |
      188 |   test.beforeEach(async ({ page }) => {
    > 189 |     authHelpers = new AuthHelpers(page);
          |     ^
      190 |     await authHelpers.quickLogin('staff');
      191 |   });
      192 |
        at /app/tests/e2e/optimized-test-suite.spec.ts:189:5

    attachment #1: screenshot (image/png) ──────────────────────────────────────────────────────────
    ../../test-results/optimized-test-suite-🎯-St-a8d48-n-features-visibility-admin-docker-core-retry3/test-failed-1.png
    ────────────────────────────────────────────────────────────────────────────────────────────────

    attachment #2: video (video/webm) ──────────────────────────────────────────────────────────────
    ../../test-results/optimized-test-suite-🎯-St-a8d48-n-features-visibility-admin-docker-core-retry3/video.webm
    ────────────────────────────────────────────────────────────────────────────────────────────────

    attachment #3: trace (application/zip) ─────────────────────────────────────────────────────────
    ../../test-results/optimized-test-suite-🎯-St-a8d48-n-features-visibility-admin-docker-core-retry3/trace.zip
    Usage:

        npx playwright show-trace ../../test-results/optimized-test-suite-🎯-St-a8d48-n-features-visibility-admin-docker-core-retry3/trace.zip

    ────────────────────────────────────────────────────────────────────────────────────────────────
]]>
</failure>
<system-out>
<![CDATA[
[[ATTACHMENT|../test-results/optimized-test-suite-🎯-St-a8d48-n-features-visibility-admin-docker-core/test-failed-1.png]]

[[ATTACHMENT|../test-results/optimized-test-suite-🎯-St-a8d48-n-features-visibility-admin-docker-core/video.webm]]

[[ATTACHMENT|../test-results/optimized-test-suite-🎯-St-a8d48-n-features-visibility-admin-docker-core/trace.zip]]

[[ATTACHMENT|../test-results/optimized-test-suite-🎯-St-a8d48-n-features-visibility-admin-docker-core-retry1/test-failed-1.png]]

[[ATTACHMENT|../test-results/optimized-test-suite-🎯-St-a8d48-n-features-visibility-admin-docker-core-retry1/video.webm]]

[[ATTACHMENT|../test-results/optimized-test-suite-🎯-St-a8d48-n-features-visibility-admin-docker-core-retry1/trace.zip]]

[[ATTACHMENT|../test-results/optimized-test-suite-🎯-St-a8d48-n-features-visibility-admin-docker-core-retry2/test-failed-1.png]]

[[ATTACHMENT|../test-results/optimized-test-suite-🎯-St-a8d48-n-features-visibility-admin-docker-core-retry2/video.webm]]

[[ATTACHMENT|../test-results/optimized-test-suite-🎯-St-a8d48-n-features-visibility-admin-docker-core-retry2/trace.zip]]

[[ATTACHMENT|../test-results/optimized-test-suite-🎯-St-a8d48-n-features-visibility-admin-docker-core-retry3/test-failed-1.png]]

[[ATTACHMENT|../test-results/optimized-test-suite-🎯-St-a8d48-n-features-visibility-admin-docker-core-retry3/video.webm]]

[[ATTACHMENT|../test-results/optimized-test-suite-🎯-St-a8d48-n-features-visibility-admin-docker-core-retry3/trace.zip]]
]]>
</system-out>
</testcase>
<testcase name="🎯 Driver Portal Journey › complete driver workflow @core" classname="optimized-test-suite.spec.ts" time="3.108">
<failure message="optimized-test-suite.spec.ts:266:7 complete driver workflow @core" type="FAILURE">
<![CDATA[  [docker-core] › optimized-test-suite.spec.ts:266:7 › 🎯 Driver Portal Journey › complete driver workflow @core 

    ReferenceError: AuthHelpers is not defined

      260 |
      261 |   test.beforeEach(async ({ page }) => {
    > 262 |     authHelpers = new AuthHelpers(page);
          |     ^
      263 |     await authHelpers.quickLogin('driver');
      264 |   });
      265 |
        at /app/tests/e2e/optimized-test-suite.spec.ts:262:5

    attachment #1: screenshot (image/png) ──────────────────────────────────────────────────────────
    ../../test-results/optimized-test-suite-🎯-Dr-c1bd3-mplete-driver-workflow-core-docker-core/test-failed-1.png
    ────────────────────────────────────────────────────────────────────────────────────────────────

    attachment #2: video (video/webm) ──────────────────────────────────────────────────────────────
    ../../test-results/optimized-test-suite-🎯-Dr-c1bd3-mplete-driver-workflow-core-docker-core/video.webm
    ────────────────────────────────────────────────────────────────────────────────────────────────

    attachment #3: trace (application/zip) ─────────────────────────────────────────────────────────
    ../../test-results/optimized-test-suite-🎯-Dr-c1bd3-mplete-driver-workflow-core-docker-core/trace.zip
    Usage:

        npx playwright show-trace ../../test-results/optimized-test-suite-🎯-Dr-c1bd3-mplete-driver-workflow-core-docker-core/trace.zip

    ────────────────────────────────────────────────────────────────────────────────────────────────

    Retry #1 ───────────────────────────────────────────────────────────────────────────────────────

    ReferenceError: AuthHelpers is not defined

      260 |
      261 |   test.beforeEach(async ({ page }) => {
    > 262 |     authHelpers = new AuthHelpers(page);
          |     ^
      263 |     await authHelpers.quickLogin('driver');
      264 |   });
      265 |
        at /app/tests/e2e/optimized-test-suite.spec.ts:262:5

    attachment #1: screenshot (image/png) ──────────────────────────────────────────────────────────
    ../../test-results/optimized-test-suite-🎯-Dr-c1bd3-mplete-driver-workflow-core-docker-core-retry1/test-failed-1.png
    ────────────────────────────────────────────────────────────────────────────────────────────────

    attachment #2: video (video/webm) ──────────────────────────────────────────────────────────────
    ../../test-results/optimized-test-suite-🎯-Dr-c1bd3-mplete-driver-workflow-core-docker-core-retry1/video.webm
    ────────────────────────────────────────────────────────────────────────────────────────────────

    attachment #3: trace (application/zip) ─────────────────────────────────────────────────────────
    ../../test-results/optimized-test-suite-🎯-Dr-c1bd3-mplete-driver-workflow-core-docker-core-retry1/trace.zip
    Usage:

        npx playwright show-trace ../../test-results/optimized-test-suite-🎯-Dr-c1bd3-mplete-driver-workflow-core-docker-core-retry1/trace.zip

    ────────────────────────────────────────────────────────────────────────────────────────────────

    Retry #2 ───────────────────────────────────────────────────────────────────────────────────────

    ReferenceError: AuthHelpers is not defined

      260 |
      261 |   test.beforeEach(async ({ page }) => {
    > 262 |     authHelpers = new AuthHelpers(page);
          |     ^
      263 |     await authHelpers.quickLogin('driver');
      264 |   });
      265 |
        at /app/tests/e2e/optimized-test-suite.spec.ts:262:5

    attachment #1: screenshot (image/png) ──────────────────────────────────────────────────────────
    ../../test-results/optimized-test-suite-🎯-Dr-c1bd3-mplete-driver-workflow-core-docker-core-retry2/test-failed-1.png
    ────────────────────────────────────────────────────────────────────────────────────────────────

    attachment #2: video (video/webm) ──────────────────────────────────────────────────────────────
    ../../test-results/optimized-test-suite-🎯-Dr-c1bd3-mplete-driver-workflow-core-docker-core-retry2/video.webm
    ────────────────────────────────────────────────────────────────────────────────────────────────

    attachment #3: trace (application/zip) ─────────────────────────────────────────────────────────
    ../../test-results/optimized-test-suite-🎯-Dr-c1bd3-mplete-driver-workflow-core-docker-core-retry2/trace.zip
    Usage:

        npx playwright show-trace ../../test-results/optimized-test-suite-🎯-Dr-c1bd3-mplete-driver-workflow-core-docker-core-retry2/trace.zip

    ────────────────────────────────────────────────────────────────────────────────────────────────

    Retry #3 ───────────────────────────────────────────────────────────────────────────────────────

    ReferenceError: AuthHelpers is not defined

      260 |
      261 |   test.beforeEach(async ({ page }) => {
    > 262 |     authHelpers = new AuthHelpers(page);
          |     ^
      263 |     await authHelpers.quickLogin('driver');
      264 |   });
      265 |
        at /app/tests/e2e/optimized-test-suite.spec.ts:262:5

    attachment #1: screenshot (image/png) ──────────────────────────────────────────────────────────
    ../../test-results/optimized-test-suite-🎯-Dr-c1bd3-mplete-driver-workflow-core-docker-core-retry3/test-failed-1.png
    ────────────────────────────────────────────────────────────────────────────────────────────────

    attachment #2: video (video/webm) ──────────────────────────────────────────────────────────────
    ../../test-results/optimized-test-suite-🎯-Dr-c1bd3-mplete-driver-workflow-core-docker-core-retry3/video.webm
    ────────────────────────────────────────────────────────────────────────────────────────────────

    attachment #3: trace (application/zip) ─────────────────────────────────────────────────────────
    ../../test-results/optimized-test-suite-🎯-Dr-c1bd3-mplete-driver-workflow-core-docker-core-retry3/trace.zip
    Usage:

        npx playwright show-trace ../../test-results/optimized-test-suite-🎯-Dr-c1bd3-mplete-driver-workflow-core-docker-core-retry3/trace.zip

    ────────────────────────────────────────────────────────────────────────────────────────────────
]]>
</failure>
<system-out>
<![CDATA[
[[ATTACHMENT|../test-results/optimized-test-suite-🎯-Dr-c1bd3-mplete-driver-workflow-core-docker-core/test-failed-1.png]]

[[ATTACHMENT|../test-results/optimized-test-suite-🎯-Dr-c1bd3-mplete-driver-workflow-core-docker-core/video.webm]]

[[ATTACHMENT|../test-results/optimized-test-suite-🎯-Dr-c1bd3-mplete-driver-workflow-core-docker-core/trace.zip]]

[[ATTACHMENT|../test-results/optimized-test-suite-🎯-Dr-c1bd3-mplete-driver-workflow-core-docker-core-retry1/test-failed-1.png]]

[[ATTACHMENT|../test-results/optimized-test-suite-🎯-Dr-c1bd3-mplete-driver-workflow-core-docker-core-retry1/video.webm]]

[[ATTACHMENT|../test-results/optimized-test-suite-🎯-Dr-c1bd3-mplete-driver-workflow-core-docker-core-retry1/trace.zip]]

[[ATTACHMENT|../test-results/optimized-test-suite-🎯-Dr-c1bd3-mplete-driver-workflow-core-docker-core-retry2/test-failed-1.png]]

[[ATTACHMENT|../test-results/optimized-test-suite-🎯-Dr-c1bd3-mplete-driver-workflow-core-docker-core-retry2/video.webm]]

[[ATTACHMENT|../test-results/optimized-test-suite-🎯-Dr-c1bd3-mplete-driver-workflow-core-docker-core-retry2/trace.zip]]

[[ATTACHMENT|../test-results/optimized-test-suite-🎯-Dr-c1bd3-mplete-driver-workflow-core-docker-core-retry3/test-failed-1.png]]

[[ATTACHMENT|../test-results/optimized-test-suite-🎯-Dr-c1bd3-mplete-driver-workflow-core-docker-core-retry3/video.webm]]

[[ATTACHMENT|../test-results/optimized-test-suite-🎯-Dr-c1bd3-mplete-driver-workflow-core-docker-core-retry3/trace.zip]]
]]>
</system-out>
</testcase>
<testcase name="🔄 Unified Authentication System › unified login redirects to correct portal @auth" classname="optimized-test-suite.spec.ts" time="64.312">
<failure message="optimized-test-suite.spec.ts:307:7 unified login redirects to correct portal @auth" type="FAILURE">
<![CDATA[  [docker-core] › optimized-test-suite.spec.ts:307:7 › 🔄 Unified Authentication System › unified login redirects to correct portal @auth 

    TimeoutError: page.waitForURL: Timeout 15000ms exceeded.
    =========================== logs ===========================
    waiting for navigation until "load"
      navigated to "chrome-error://chromewebdata/"
    ============================================================

      336 |
      337 |       // Should redirect to correct portal (handle trailing slash)
    > 338 |       await page.waitForURL(new RegExp(expectedPath.replace('/', '\\/') + '\\/?$'), {
          |                  ^
      339 |         timeout: 15000,
      340 |       });
      341 |
        at /app/tests/e2e/optimized-test-suite.spec.ts:338:18

    attachment #1: screenshot (image/png) ──────────────────────────────────────────────────────────
    ../../test-results/optimized-test-suite-🔄-Un-df343-ects-to-correct-portal-auth-docker-core/test-failed-1.png
    ────────────────────────────────────────────────────────────────────────────────────────────────

    attachment #2: video (video/webm) ──────────────────────────────────────────────────────────────
    ../../test-results/optimized-test-suite-🔄-Un-df343-ects-to-correct-portal-auth-docker-core/video.webm
    ────────────────────────────────────────────────────────────────────────────────────────────────

    attachment #3: trace (application/zip) ─────────────────────────────────────────────────────────
    ../../test-results/optimized-test-suite-🔄-Un-df343-ects-to-correct-portal-auth-docker-core/trace.zip
    Usage:

        npx playwright show-trace ../../test-results/optimized-test-suite-🔄-Un-df343-ects-to-correct-portal-auth-docker-core/trace.zip

    ────────────────────────────────────────────────────────────────────────────────────────────────

    Retry #1 ───────────────────────────────────────────────────────────────────────────────────────

    TimeoutError: page.waitForURL: Timeout 15000ms exceeded.
    =========================== logs ===========================
    waiting for navigation until "load"
      navigated to "chrome-error://chromewebdata/"
    ============================================================

      336 |
      337 |       // Should redirect to correct portal (handle trailing slash)
    > 338 |       await page.waitForURL(new RegExp(expectedPath.replace('/', '\\/') + '\\/?$'), {
          |                  ^
      339 |         timeout: 15000,
      340 |       });
      341 |
        at /app/tests/e2e/optimized-test-suite.spec.ts:338:18

    attachment #1: screenshot (image/png) ──────────────────────────────────────────────────────────
    ../../test-results/optimized-test-suite-🔄-Un-df343-ects-to-correct-portal-auth-docker-core-retry1/test-failed-1.png
    ────────────────────────────────────────────────────────────────────────────────────────────────

    attachment #2: video (video/webm) ──────────────────────────────────────────────────────────────
    ../../test-results/optimized-test-suite-🔄-Un-df343-ects-to-correct-portal-auth-docker-core-retry1/video.webm
    ────────────────────────────────────────────────────────────────────────────────────────────────

    attachment #3: trace (application/zip) ─────────────────────────────────────────────────────────
    ../../test-results/optimized-test-suite-🔄-Un-df343-ects-to-correct-portal-auth-docker-core-retry1/trace.zip
    Usage:

        npx playwright show-trace ../../test-results/optimized-test-suite-🔄-Un-df343-ects-to-correct-portal-auth-docker-core-retry1/trace.zip

    ────────────────────────────────────────────────────────────────────────────────────────────────

    Retry #2 ───────────────────────────────────────────────────────────────────────────────────────

    TimeoutError: page.waitForURL: Timeout 15000ms exceeded.
    =========================== logs ===========================
    waiting for navigation until "load"
    ============================================================

      336 |
      337 |       // Should redirect to correct portal (handle trailing slash)
    > 338 |       await page.waitForURL(new RegExp(expectedPath.replace('/', '\\/') + '\\/?$'), {
          |                  ^
      339 |         timeout: 15000,
      340 |       });
      341 |
        at /app/tests/e2e/optimized-test-suite.spec.ts:338:18

    attachment #1: screenshot (image/png) ──────────────────────────────────────────────────────────
    ../../test-results/optimized-test-suite-🔄-Un-df343-ects-to-correct-portal-auth-docker-core-retry2/test-failed-1.png
    ────────────────────────────────────────────────────────────────────────────────────────────────

    attachment #2: video (video/webm) ──────────────────────────────────────────────────────────────
    ../../test-results/optimized-test-suite-🔄-Un-df343-ects-to-correct-portal-auth-docker-core-retry2/video.webm
    ────────────────────────────────────────────────────────────────────────────────────────────────

    attachment #3: trace (application/zip) ─────────────────────────────────────────────────────────
    ../../test-results/optimized-test-suite-🔄-Un-df343-ects-to-correct-portal-auth-docker-core-retry2/trace.zip
    Usage:

        npx playwright show-trace ../../test-results/optimized-test-suite-🔄-Un-df343-ects-to-correct-portal-auth-docker-core-retry2/trace.zip

    ────────────────────────────────────────────────────────────────────────────────────────────────

    Retry #3 ───────────────────────────────────────────────────────────────────────────────────────

    Error: page.waitForURL: net::ERR_FAILED
    =========================== logs ===========================
    waiting for navigation until "load"
    ============================================================

      336 |
      337 |       // Should redirect to correct portal (handle trailing slash)
    > 338 |       await page.waitForURL(new RegExp(expectedPath.replace('/', '\\/') + '\\/?$'), {
          |                  ^
      339 |         timeout: 15000,
      340 |       });
      341 |
        at /app/tests/e2e/optimized-test-suite.spec.ts:338:18

    attachment #1: screenshot (image/png) ──────────────────────────────────────────────────────────
    ../../test-results/optimized-test-suite-🔄-Un-df343-ects-to-correct-portal-auth-docker-core-retry3/test-failed-1.png
    ────────────────────────────────────────────────────────────────────────────────────────────────

    attachment #2: video (video/webm) ──────────────────────────────────────────────────────────────
    ../../test-results/optimized-test-suite-🔄-Un-df343-ects-to-correct-portal-auth-docker-core-retry3/video.webm
    ────────────────────────────────────────────────────────────────────────────────────────────────

    attachment #3: trace (application/zip) ─────────────────────────────────────────────────────────
    ../../test-results/optimized-test-suite-🔄-Un-df343-ects-to-correct-portal-auth-docker-core-retry3/trace.zip
    Usage:

        npx playwright show-trace ../../test-results/optimized-test-suite-🔄-Un-df343-ects-to-correct-portal-auth-docker-core-retry3/trace.zip

    ────────────────────────────────────────────────────────────────────────────────────────────────
]]>
</failure>
<system-out>
<![CDATA[
[[ATTACHMENT|../test-results/optimized-test-suite-🔄-Un-df343-ects-to-correct-portal-auth-docker-core/test-failed-1.png]]

[[ATTACHMENT|../test-results/optimized-test-suite-🔄-Un-df343-ects-to-correct-portal-auth-docker-core/video.webm]]

[[ATTACHMENT|../test-results/optimized-test-suite-🔄-Un-df343-ects-to-correct-portal-auth-docker-core/trace.zip]]

[[ATTACHMENT|../test-results/optimized-test-suite-🔄-Un-df343-ects-to-correct-portal-auth-docker-core-retry1/test-failed-1.png]]

[[ATTACHMENT|../test-results/optimized-test-suite-🔄-Un-df343-ects-to-correct-portal-auth-docker-core-retry1/video.webm]]

[[ATTACHMENT|../test-results/optimized-test-suite-🔄-Un-df343-ects-to-correct-portal-auth-docker-core-retry1/trace.zip]]

[[ATTACHMENT|../test-results/optimized-test-suite-🔄-Un-df343-ects-to-correct-portal-auth-docker-core-retry2/test-failed-1.png]]

[[ATTACHMENT|../test-results/optimized-test-suite-🔄-Un-df343-ects-to-correct-portal-auth-docker-core-retry2/video.webm]]

[[ATTACHMENT|../test-results/optimized-test-suite-🔄-Un-df343-ects-to-correct-portal-auth-docker-core-retry2/trace.zip]]

[[ATTACHMENT|../test-results/optimized-test-suite-🔄-Un-df343-ects-to-correct-portal-auth-docker-core-retry3/test-failed-1.png]]

[[ATTACHMENT|../test-results/optimized-test-suite-🔄-Un-df343-ects-to-correct-portal-auth-docker-core-retry3/video.webm]]

[[ATTACHMENT|../test-results/optimized-test-suite-🔄-Un-df343-ects-to-correct-portal-auth-docker-core-retry3/trace.zip]]
]]>
</system-out>
</testcase>
<testcase name="🔄 Unified Authentication System › portal switching functionality @auth" classname="optimized-test-suite.spec.ts" time="78.935">
<failure message="optimized-test-suite.spec.ts:349:7 portal switching functionality @auth" type="FAILURE">
<![CDATA[  [docker-core] › optimized-test-suite.spec.ts:349:7 › 🔄 Unified Authentication System › portal switching functionality @auth 

    TimeoutError: page.waitForURL: Timeout 15000ms exceeded.
    =========================== logs ===========================
    waiting for navigation until "load"
    ============================================================

      356 |     await adminButton.click();
      357 |
    > 358 |     await page.waitForURL(/\/staff\/?$/, { timeout: 15000 });
          |                ^
      359 |
      360 |     // Look for portal switcher (if implemented)
      361 |     const portalSwitcher = page
        at /app/tests/e2e/optimized-test-suite.spec.ts:358:16

    attachment #1: screenshot (image/png) ──────────────────────────────────────────────────────────
    ../../test-results/optimized-test-suite-🔄-Un-96a0e-witching-functionality-auth-docker-core/test-failed-1.png
    ────────────────────────────────────────────────────────────────────────────────────────────────

    attachment #2: video (video/webm) ──────────────────────────────────────────────────────────────
    ../../test-results/optimized-test-suite-🔄-Un-96a0e-witching-functionality-auth-docker-core/video.webm
    ────────────────────────────────────────────────────────────────────────────────────────────────

    attachment #3: trace (application/zip) ─────────────────────────────────────────────────────────
    ../../test-results/optimized-test-suite-🔄-Un-96a0e-witching-functionality-auth-docker-core/trace.zip
    Usage:

        npx playwright show-trace ../../test-results/optimized-test-suite-🔄-Un-96a0e-witching-functionality-auth-docker-core/trace.zip

    ────────────────────────────────────────────────────────────────────────────────────────────────

    Retry #1 ───────────────────────────────────────────────────────────────────────────────────────

    TimeoutError: page.waitForURL: Timeout 15000ms exceeded.
    =========================== logs ===========================
    waiting for navigation until "load"
    ============================================================

      356 |     await adminButton.click();
      357 |
    > 358 |     await page.waitForURL(/\/staff\/?$/, { timeout: 15000 });
          |                ^
      359 |
      360 |     // Look for portal switcher (if implemented)
      361 |     const portalSwitcher = page
        at /app/tests/e2e/optimized-test-suite.spec.ts:358:16

    attachment #1: screenshot (image/png) ──────────────────────────────────────────────────────────
    ../../test-results/optimized-test-suite-🔄-Un-96a0e-witching-functionality-auth-docker-core-retry1/test-failed-1.png
    ────────────────────────────────────────────────────────────────────────────────────────────────

    attachment #2: video (video/webm) ──────────────────────────────────────────────────────────────
    ../../test-results/optimized-test-suite-🔄-Un-96a0e-witching-functionality-auth-docker-core-retry1/video.webm
    ────────────────────────────────────────────────────────────────────────────────────────────────

    attachment #3: trace (application/zip) ─────────────────────────────────────────────────────────
    ../../test-results/optimized-test-suite-🔄-Un-96a0e-witching-functionality-auth-docker-core-retry1/trace.zip
    Usage:

        npx playwright show-trace ../../test-results/optimized-test-suite-🔄-Un-96a0e-witching-functionality-auth-docker-core-retry1/trace.zip

    ────────────────────────────────────────────────────────────────────────────────────────────────

    Retry #2 ───────────────────────────────────────────────────────────────────────────────────────

    TimeoutError: page.waitForURL: Timeout 15000ms exceeded.
    =========================== logs ===========================
    waiting for navigation until "load"
    ============================================================

      356 |     await adminButton.click();
      357 |
    > 358 |     await page.waitForURL(/\/staff\/?$/, { timeout: 15000 });
          |                ^
      359 |
      360 |     // Look for portal switcher (if implemented)
      361 |     const portalSwitcher = page
        at /app/tests/e2e/optimized-test-suite.spec.ts:358:16

    attachment #1: screenshot (image/png) ──────────────────────────────────────────────────────────
    ../../test-results/optimized-test-suite-🔄-Un-96a0e-witching-functionality-auth-docker-core-retry2/test-failed-1.png
    ────────────────────────────────────────────────────────────────────────────────────────────────

    attachment #2: video (video/webm) ──────────────────────────────────────────────────────────────
    ../../test-results/optimized-test-suite-🔄-Un-96a0e-witching-functionality-auth-docker-core-retry2/video.webm
    ────────────────────────────────────────────────────────────────────────────────────────────────

    attachment #3: trace (application/zip) ─────────────────────────────────────────────────────────
    ../../test-results/optimized-test-suite-🔄-Un-96a0e-witching-functionality-auth-docker-core-retry2/trace.zip
    Usage:

        npx playwright show-trace ../../test-results/optimized-test-suite-🔄-Un-96a0e-witching-functionality-auth-docker-core-retry2/trace.zip

    ────────────────────────────────────────────────────────────────────────────────────────────────

    Retry #3 ───────────────────────────────────────────────────────────────────────────────────────

    TimeoutError: page.waitForURL: Timeout 15000ms exceeded.
    =========================== logs ===========================
    waiting for navigation until "load"
    ============================================================

      356 |     await adminButton.click();
      357 |
    > 358 |     await page.waitForURL(/\/staff\/?$/, { timeout: 15000 });
          |                ^
      359 |
      360 |     // Look for portal switcher (if implemented)
      361 |     const portalSwitcher = page
        at /app/tests/e2e/optimized-test-suite.spec.ts:358:16

    attachment #1: screenshot (image/png) ──────────────────────────────────────────────────────────
    ../../test-results/optimized-test-suite-🔄-Un-96a0e-witching-functionality-auth-docker-core-retry3/test-failed-1.png
    ────────────────────────────────────────────────────────────────────────────────────────────────

    attachment #2: video (video/webm) ──────────────────────────────────────────────────────────────
    ../../test-results/optimized-test-suite-🔄-Un-96a0e-witching-functionality-auth-docker-core-retry3/video.webm
    ────────────────────────────────────────────────────────────────────────────────────────────────

    attachment #3: trace (application/zip) ─────────────────────────────────────────────────────────
    ../../test-results/optimized-test-suite-🔄-Un-96a0e-witching-functionality-auth-docker-core-retry3/trace.zip
    Usage:

        npx playwright show-trace ../../test-results/optimized-test-suite-🔄-Un-96a0e-witching-functionality-auth-docker-core-retry3/trace.zip

    ────────────────────────────────────────────────────────────────────────────────────────────────
]]>
</failure>
<system-out>
<![CDATA[
[[ATTACHMENT|../test-results/optimized-test-suite-🔄-Un-96a0e-witching-functionality-auth-docker-core/test-failed-1.png]]

[[ATTACHMENT|../test-results/optimized-test-suite-🔄-Un-96a0e-witching-functionality-auth-docker-core/video.webm]]

[[ATTACHMENT|../test-results/optimized-test-suite-🔄-Un-96a0e-witching-functionality-auth-docker-core/trace.zip]]

[[ATTACHMENT|../test-results/optimized-test-suite-🔄-Un-96a0e-witching-functionality-auth-docker-core-retry1/test-failed-1.png]]

[[ATTACHMENT|../test-results/optimized-test-suite-🔄-Un-96a0e-witching-functionality-auth-docker-core-retry1/video.webm]]

[[ATTACHMENT|../test-results/optimized-test-suite-🔄-Un-96a0e-witching-functionality-auth-docker-core-retry1/trace.zip]]

[[ATTACHMENT|../test-results/optimized-test-suite-🔄-Un-96a0e-witching-functionality-auth-docker-core-retry2/test-failed-1.png]]

[[ATTACHMENT|../test-results/optimized-test-suite-🔄-Un-96a0e-witching-functionality-auth-docker-core-retry2/video.webm]]

[[ATTACHMENT|../test-results/optimized-test-suite-🔄-Un-96a0e-witching-functionality-auth-docker-core-retry2/trace.zip]]

[[ATTACHMENT|../test-results/optimized-test-suite-🔄-Un-96a0e-witching-functionality-auth-docker-core-retry3/test-failed-1.png]]

[[ATTACHMENT|../test-results/optimized-test-suite-🔄-Un-96a0e-witching-functionality-auth-docker-core-retry3/video.webm]]

[[ATTACHMENT|../test-results/optimized-test-suite-🔄-Un-96a0e-witching-functionality-auth-docker-core-retry3/trace.zip]]
]]>
</system-out>
</testcase>
<testcase name="📄 Page Load Verification › all pages load without 500/404 errors @pages" classname="optimized-test-suite.spec.ts" time="26.66">
<failure message="optimized-test-suite.spec.ts:392:7 all pages load without 500/404 errors @pages" type="FAILURE">
<![CDATA[  [docker-core] › optimized-test-suite.spec.ts:392:7 › 📄 Page Load Verification › all pages load without 500/404 errors @pages 

    Error: page.goto: net::ERR_FAILED at http://localhost:8849/register
    Call log:
      - navigating to "http://localhost:8849/register", waiting until "load"


      404 |
      405 |         // Navigate to page
    > 406 |         await page.goto(pageTest.path);
          |                    ^
      407 |         await page.waitForTimeout(2000);
      408 |
      409 |         // Verify no critical errors
        at /app/tests/e2e/optimized-test-suite.spec.ts:406:20

    attachment #1: screenshot (image/png) ──────────────────────────────────────────────────────────
    ../../test-results/optimized-test-suite-📄-Pa-7b6a6-ithout-500-404-errors-pages-docker-core/test-failed-1.png
    ────────────────────────────────────────────────────────────────────────────────────────────────

    attachment #2: video (video/webm) ──────────────────────────────────────────────────────────────
    ../../test-results/optimized-test-suite-📄-Pa-7b6a6-ithout-500-404-errors-pages-docker-core/video.webm
    ────────────────────────────────────────────────────────────────────────────────────────────────

    attachment #3: trace (application/zip) ─────────────────────────────────────────────────────────
    ../../test-results/optimized-test-suite-📄-Pa-7b6a6-ithout-500-404-errors-pages-docker-core/trace.zip
    Usage:

        npx playwright show-trace ../../test-results/optimized-test-suite-📄-Pa-7b6a6-ithout-500-404-errors-pages-docker-core/trace.zip

    ────────────────────────────────────────────────────────────────────────────────────────────────

    Retry #1 ───────────────────────────────────────────────────────────────────────────────────────

    Error: page.goto: net::ERR_FAILED at http://localhost:8849/register
    Call log:
      - navigating to "http://localhost:8849/register", waiting until "load"


      404 |
      405 |         // Navigate to page
    > 406 |         await page.goto(pageTest.path);
          |                    ^
      407 |         await page.waitForTimeout(2000);
      408 |
      409 |         // Verify no critical errors
        at /app/tests/e2e/optimized-test-suite.spec.ts:406:20

    attachment #1: screenshot (image/png) ──────────────────────────────────────────────────────────
    ../../test-results/optimized-test-suite-📄-Pa-7b6a6-ithout-500-404-errors-pages-docker-core-retry1/test-failed-1.png
    ────────────────────────────────────────────────────────────────────────────────────────────────

    attachment #2: video (video/webm) ──────────────────────────────────────────────────────────────
    ../../test-results/optimized-test-suite-📄-Pa-7b6a6-ithout-500-404-errors-pages-docker-core-retry1/video.webm
    ────────────────────────────────────────────────────────────────────────────────────────────────

    attachment #3: trace (application/zip) ─────────────────────────────────────────────────────────
    ../../test-results/optimized-test-suite-📄-Pa-7b6a6-ithout-500-404-errors-pages-docker-core-retry1/trace.zip
    Usage:

        npx playwright show-trace ../../test-results/optimized-test-suite-📄-Pa-7b6a6-ithout-500-404-errors-pages-docker-core-retry1/trace.zip

    ────────────────────────────────────────────────────────────────────────────────────────────────

    Retry #2 ───────────────────────────────────────────────────────────────────────────────────────

    Error: page.goto: net::ERR_FAILED at http://localhost:8849/register
    Call log:
      - navigating to "http://localhost:8849/register", waiting until "load"


      404 |
      405 |         // Navigate to page
    > 406 |         await page.goto(pageTest.path);
          |                    ^
      407 |         await page.waitForTimeout(2000);
      408 |
      409 |         // Verify no critical errors
        at /app/tests/e2e/optimized-test-suite.spec.ts:406:20

    attachment #1: screenshot (image/png) ──────────────────────────────────────────────────────────
    ../../test-results/optimized-test-suite-📄-Pa-7b6a6-ithout-500-404-errors-pages-docker-core-retry2/test-failed-1.png
    ────────────────────────────────────────────────────────────────────────────────────────────────

    attachment #2: video (video/webm) ──────────────────────────────────────────────────────────────
    ../../test-results/optimized-test-suite-📄-Pa-7b6a6-ithout-500-404-errors-pages-docker-core-retry2/video.webm
    ────────────────────────────────────────────────────────────────────────────────────────────────

    attachment #3: trace (application/zip) ─────────────────────────────────────────────────────────
    ../../test-results/optimized-test-suite-📄-Pa-7b6a6-ithout-500-404-errors-pages-docker-core-retry2/trace.zip
    Usage:

        npx playwright show-trace ../../test-results/optimized-test-suite-📄-Pa-7b6a6-ithout-500-404-errors-pages-docker-core-retry2/trace.zip

    ────────────────────────────────────────────────────────────────────────────────────────────────

    Retry #3 ───────────────────────────────────────────────────────────────────────────────────────

    Error: page.goto: net::ERR_FAILED at http://localhost:8849/register
    Call log:
      - navigating to "http://localhost:8849/register", waiting until "load"


      404 |
      405 |         // Navigate to page
    > 406 |         await page.goto(pageTest.path);
          |                    ^
      407 |         await page.waitForTimeout(2000);
      408 |
      409 |         // Verify no critical errors
        at /app/tests/e2e/optimized-test-suite.spec.ts:406:20

    attachment #1: screenshot (image/png) ──────────────────────────────────────────────────────────
    ../../test-results/optimized-test-suite-📄-Pa-7b6a6-ithout-500-404-errors-pages-docker-core-retry3/test-failed-1.png
    ────────────────────────────────────────────────────────────────────────────────────────────────

    attachment #2: video (video/webm) ──────────────────────────────────────────────────────────────
    ../../test-results/optimized-test-suite-📄-Pa-7b6a6-ithout-500-404-errors-pages-docker-core-retry3/video.webm
    ────────────────────────────────────────────────────────────────────────────────────────────────

    attachment #3: trace (application/zip) ─────────────────────────────────────────────────────────
    ../../test-results/optimized-test-suite-📄-Pa-7b6a6-ithout-500-404-errors-pages-docker-core-retry3/trace.zip
    Usage:

        npx playwright show-trace ../../test-results/optimized-test-suite-📄-Pa-7b6a6-ithout-500-404-errors-pages-docker-core-retry3/trace.zip

    ────────────────────────────────────────────────────────────────────────────────────────────────
]]>
</failure>
<system-out>
<![CDATA[✅ Homepage loads successfully
✅ Login loads successfully
❌ Register failed: page.goto: net::ERR_FAILED at http://localhost:8849/register
Call log:
[2m  - navigating to "http://localhost:8849/register", waiting until "load"[22m


[[ATTACHMENT|../test-results/optimized-test-suite-📄-Pa-7b6a6-ithout-500-404-errors-pages-docker-core/test-failed-1.png]]

[[ATTACHMENT|../test-results/optimized-test-suite-📄-Pa-7b6a6-ithout-500-404-errors-pages-docker-core/video.webm]]

[[ATTACHMENT|../test-results/optimized-test-suite-📄-Pa-7b6a6-ithout-500-404-errors-pages-docker-core/trace.zip]]
✅ Homepage loads successfully
✅ Login loads successfully
❌ Register failed: page.goto: net::ERR_FAILED at http://localhost:8849/register
Call log:
[2m  - navigating to "http://localhost:8849/register", waiting until "load"[22m


[[ATTACHMENT|../test-results/optimized-test-suite-📄-Pa-7b6a6-ithout-500-404-errors-pages-docker-core-retry1/test-failed-1.png]]

[[ATTACHMENT|../test-results/optimized-test-suite-📄-Pa-7b6a6-ithout-500-404-errors-pages-docker-core-retry1/video.webm]]

[[ATTACHMENT|../test-results/optimized-test-suite-📄-Pa-7b6a6-ithout-500-404-errors-pages-docker-core-retry1/trace.zip]]
✅ Homepage loads successfully
✅ Login loads successfully
❌ Register failed: page.goto: net::ERR_FAILED at http://localhost:8849/register
Call log:
[2m  - navigating to "http://localhost:8849/register", waiting until "load"[22m


[[ATTACHMENT|../test-results/optimized-test-suite-📄-Pa-7b6a6-ithout-500-404-errors-pages-docker-core-retry2/test-failed-1.png]]

[[ATTACHMENT|../test-results/optimized-test-suite-📄-Pa-7b6a6-ithout-500-404-errors-pages-docker-core-retry2/video.webm]]

[[ATTACHMENT|../test-results/optimized-test-suite-📄-Pa-7b6a6-ithout-500-404-errors-pages-docker-core-retry2/trace.zip]]
✅ Homepage loads successfully
✅ Login loads successfully
❌ Register failed: page.goto: net::ERR_FAILED at http://localhost:8849/register
Call log:
[2m  - navigating to "http://localhost:8849/register", waiting until "load"[22m


[[ATTACHMENT|../test-results/optimized-test-suite-📄-Pa-7b6a6-ithout-500-404-errors-pages-docker-core-retry3/test-failed-1.png]]

[[ATTACHMENT|../test-results/optimized-test-suite-📄-Pa-7b6a6-ithout-500-404-errors-pages-docker-core-retry3/video.webm]]

[[ATTACHMENT|../test-results/optimized-test-suite-📄-Pa-7b6a6-ithout-500-404-errors-pages-docker-core-retry3/trace.zip]]
]]>
</system-out>
</testcase>
<testcase name="⚡ Performance &amp; Stability › page load performance within limits @performance" classname="optimized-test-suite.spec.ts" time="13.005">
<failure message="optimized-test-suite.spec.ts:442:7 page load performance within limits @performance" type="FAILURE">
<![CDATA[  [docker-core] › optimized-test-suite.spec.ts:442:7 › ⚡ Performance & Stability › page load performance within limits @performance 

    Error: page.goto: net::ERR_FAILED at http://localhost:8849/portal
    Call log:
      - navigating to "http://localhost:8849/portal", waiting until "load"


      450 |     for (const target of performanceTargets) {
      451 |       const startTime = Date.now();
    > 452 |       await page.goto(target.path);
          |                  ^
      453 |       await page.locator('h1, h2, main').first().waitFor({ timeout: target.maxTime });
      454 |       const loadTime = Date.now() - startTime;
      455 |
        at /app/tests/e2e/optimized-test-suite.spec.ts:452:18

    attachment #1: screenshot (image/png) ──────────────────────────────────────────────────────────
    ../../test-results/optimized-test-suite-⚡-Per-b0e51-e-within-limits-performance-docker-core/test-failed-1.png
    ────────────────────────────────────────────────────────────────────────────────────────────────

    attachment #2: video (video/webm) ──────────────────────────────────────────────────────────────
    ../../test-results/optimized-test-suite-⚡-Per-b0e51-e-within-limits-performance-docker-core/video.webm
    ────────────────────────────────────────────────────────────────────────────────────────────────

    attachment #3: trace (application/zip) ─────────────────────────────────────────────────────────
    ../../test-results/optimized-test-suite-⚡-Per-b0e51-e-within-limits-performance-docker-core/trace.zip
    Usage:

        npx playwright show-trace ../../test-results/optimized-test-suite-⚡-Per-b0e51-e-within-limits-performance-docker-core/trace.zip

    ────────────────────────────────────────────────────────────────────────────────────────────────

    Retry #1 ───────────────────────────────────────────────────────────────────────────────────────

    Error: page.goto: net::ERR_FAILED at http://localhost:8849/portal
    Call log:
      - navigating to "http://localhost:8849/portal", waiting until "load"


      450 |     for (const target of performanceTargets) {
      451 |       const startTime = Date.now();
    > 452 |       await page.goto(target.path);
          |                  ^
      453 |       await page.locator('h1, h2, main').first().waitFor({ timeout: target.maxTime });
      454 |       const loadTime = Date.now() - startTime;
      455 |
        at /app/tests/e2e/optimized-test-suite.spec.ts:452:18

    attachment #1: screenshot (image/png) ──────────────────────────────────────────────────────────
    ../../test-results/optimized-test-suite-⚡-Per-b0e51-e-within-limits-performance-docker-core-retry1/test-failed-1.png
    ────────────────────────────────────────────────────────────────────────────────────────────────

    attachment #2: video (video/webm) ──────────────────────────────────────────────────────────────
    ../../test-results/optimized-test-suite-⚡-Per-b0e51-e-within-limits-performance-docker-core-retry1/video.webm
    ────────────────────────────────────────────────────────────────────────────────────────────────

    attachment #3: trace (application/zip) ─────────────────────────────────────────────────────────
    ../../test-results/optimized-test-suite-⚡-Per-b0e51-e-within-limits-performance-docker-core-retry1/trace.zip
    Usage:

        npx playwright show-trace ../../test-results/optimized-test-suite-⚡-Per-b0e51-e-within-limits-performance-docker-core-retry1/trace.zip

    ────────────────────────────────────────────────────────────────────────────────────────────────

    Retry #2 ───────────────────────────────────────────────────────────────────────────────────────

    Error: page.goto: net::ERR_FAILED at http://localhost:8849/portal
    Call log:
      - navigating to "http://localhost:8849/portal", waiting until "load"


      450 |     for (const target of performanceTargets) {
      451 |       const startTime = Date.now();
    > 452 |       await page.goto(target.path);
          |                  ^
      453 |       await page.locator('h1, h2, main').first().waitFor({ timeout: target.maxTime });
      454 |       const loadTime = Date.now() - startTime;
      455 |
        at /app/tests/e2e/optimized-test-suite.spec.ts:452:18

    attachment #1: screenshot (image/png) ──────────────────────────────────────────────────────────
    ../../test-results/optimized-test-suite-⚡-Per-b0e51-e-within-limits-performance-docker-core-retry2/test-failed-1.png
    ────────────────────────────────────────────────────────────────────────────────────────────────

    attachment #2: video (video/webm) ──────────────────────────────────────────────────────────────
    ../../test-results/optimized-test-suite-⚡-Per-b0e51-e-within-limits-performance-docker-core-retry2/video.webm
    ────────────────────────────────────────────────────────────────────────────────────────────────

    attachment #3: trace (application/zip) ─────────────────────────────────────────────────────────
    ../../test-results/optimized-test-suite-⚡-Per-b0e51-e-within-limits-performance-docker-core-retry2/trace.zip
    Usage:

        npx playwright show-trace ../../test-results/optimized-test-suite-⚡-Per-b0e51-e-within-limits-performance-docker-core-retry2/trace.zip

    ────────────────────────────────────────────────────────────────────────────────────────────────

    Retry #3 ───────────────────────────────────────────────────────────────────────────────────────

    Error: page.goto: net::ERR_FAILED at http://localhost:8849/portal
    Call log:
      - navigating to "http://localhost:8849/portal", waiting until "load"


      450 |     for (const target of performanceTargets) {
      451 |       const startTime = Date.now();
    > 452 |       await page.goto(target.path);
          |                  ^
      453 |       await page.locator('h1, h2, main').first().waitFor({ timeout: target.maxTime });
      454 |       const loadTime = Date.now() - startTime;
      455 |
        at /app/tests/e2e/optimized-test-suite.spec.ts:452:18

    attachment #1: screenshot (image/png) ──────────────────────────────────────────────────────────
    ../../test-results/optimized-test-suite-⚡-Per-b0e51-e-within-limits-performance-docker-core-retry3/test-failed-1.png
    ────────────────────────────────────────────────────────────────────────────────────────────────

    attachment #2: video (video/webm) ──────────────────────────────────────────────────────────────
    ../../test-results/optimized-test-suite-⚡-Per-b0e51-e-within-limits-performance-docker-core-retry3/video.webm
    ────────────────────────────────────────────────────────────────────────────────────────────────

    attachment #3: trace (application/zip) ─────────────────────────────────────────────────────────
    ../../test-results/optimized-test-suite-⚡-Per-b0e51-e-within-limits-performance-docker-core-retry3/trace.zip
    Usage:

        npx playwright show-trace ../../test-results/optimized-test-suite-⚡-Per-b0e51-e-within-limits-performance-docker-core-retry3/trace.zip

    ────────────────────────────────────────────────────────────────────────────────────────────────
]]>
</failure>
<system-out>
<![CDATA[✅ Homepage: 797ms (target: 5000ms)
✅ Login: 704ms (target: 3000ms)

[[ATTACHMENT|../test-results/optimized-test-suite-⚡-Per-b0e51-e-within-limits-performance-docker-core/test-failed-1.png]]

[[ATTACHMENT|../test-results/optimized-test-suite-⚡-Per-b0e51-e-within-limits-performance-docker-core/video.webm]]

[[ATTACHMENT|../test-results/optimized-test-suite-⚡-Per-b0e51-e-within-limits-performance-docker-core/trace.zip]]
✅ Homepage: 1380ms (target: 5000ms)
✅ Login: 1918ms (target: 3000ms)

[[ATTACHMENT|../test-results/optimized-test-suite-⚡-Per-b0e51-e-within-limits-performance-docker-core-retry1/test-failed-1.png]]

[[ATTACHMENT|../test-results/optimized-test-suite-⚡-Per-b0e51-e-within-limits-performance-docker-core-retry1/video.webm]]

[[ATTACHMENT|../test-results/optimized-test-suite-⚡-Per-b0e51-e-within-limits-performance-docker-core-retry1/trace.zip]]
✅ Homepage: 2506ms (target: 5000ms)
✅ Login: 1603ms (target: 3000ms)

[[ATTACHMENT|../test-results/optimized-test-suite-⚡-Per-b0e51-e-within-limits-performance-docker-core-retry2/test-failed-1.png]]

[[ATTACHMENT|../test-results/optimized-test-suite-⚡-Per-b0e51-e-within-limits-performance-docker-core-retry2/video.webm]]

[[ATTACHMENT|../test-results/optimized-test-suite-⚡-Per-b0e51-e-within-limits-performance-docker-core-retry2/trace.zip]]
✅ Homepage: 878ms (target: 5000ms)
✅ Login: 798ms (target: 3000ms)

[[ATTACHMENT|../test-results/optimized-test-suite-⚡-Per-b0e51-e-within-limits-performance-docker-core-retry3/test-failed-1.png]]

[[ATTACHMENT|../test-results/optimized-test-suite-⚡-Per-b0e51-e-within-limits-performance-docker-core-retry3/video.webm]]

[[ATTACHMENT|../test-results/optimized-test-suite-⚡-Per-b0e51-e-within-limits-performance-docker-core-retry3/trace.zip]]
]]>
</system-out>
</testcase>
<testcase name="⚡ Performance &amp; Stability › error boundary and crash detection @stability" classname="optimized-test-suite.spec.ts" time="19.492">
<failure message="optimized-test-suite.spec.ts:461:7 error boundary and crash detection @stability" type="FAILURE">
<![CDATA[  [docker-core] › optimized-test-suite.spec.ts:461:7 › ⚡ Performance & Stability › error boundary and crash detection @stability 

    Error: page.goto: net::ERR_FAILED at http://localhost:8849/portal
    Call log:
      - navigating to "http://localhost:8849/portal", waiting until "load"


      472 |
      473 |     for (const path of paths) {
    > 474 |       await page.goto(path);
          |                  ^
      475 |       await page.waitForTimeout(1000);
      476 |     }
      477 |
        at /app/tests/e2e/optimized-test-suite.spec.ts:474:18

    attachment #1: screenshot (image/png) ──────────────────────────────────────────────────────────
    ../../test-results/optimized-test-suite-⚡-Per-0b981-d-crash-detection-stability-docker-core/test-failed-1.png
    ────────────────────────────────────────────────────────────────────────────────────────────────

    attachment #2: video (video/webm) ──────────────────────────────────────────────────────────────
    ../../test-results/optimized-test-suite-⚡-Per-0b981-d-crash-detection-stability-docker-core/video.webm
    ────────────────────────────────────────────────────────────────────────────────────────────────

    attachment #3: trace (application/zip) ─────────────────────────────────────────────────────────
    ../../test-results/optimized-test-suite-⚡-Per-0b981-d-crash-detection-stability-docker-core/trace.zip
    Usage:

        npx playwright show-trace ../../test-results/optimized-test-suite-⚡-Per-0b981-d-crash-detection-stability-docker-core/trace.zip

    ────────────────────────────────────────────────────────────────────────────────────────────────

    Retry #1 ───────────────────────────────────────────────────────────────────────────────────────

    Error: page.goto: net::ERR_FAILED at http://localhost:8849/portal
    Call log:
      - navigating to "http://localhost:8849/portal", waiting until "load"


      472 |
      473 |     for (const path of paths) {
    > 474 |       await page.goto(path);
          |                  ^
      475 |       await page.waitForTimeout(1000);
      476 |     }
      477 |
        at /app/tests/e2e/optimized-test-suite.spec.ts:474:18

    attachment #1: screenshot (image/png) ──────────────────────────────────────────────────────────
    ../../test-results/optimized-test-suite-⚡-Per-0b981-d-crash-detection-stability-docker-core-retry1/test-failed-1.png
    ────────────────────────────────────────────────────────────────────────────────────────────────

    attachment #2: video (video/webm) ──────────────────────────────────────────────────────────────
    ../../test-results/optimized-test-suite-⚡-Per-0b981-d-crash-detection-stability-docker-core-retry1/video.webm
    ────────────────────────────────────────────────────────────────────────────────────────────────

    attachment #3: trace (application/zip) ─────────────────────────────────────────────────────────
    ../../test-results/optimized-test-suite-⚡-Per-0b981-d-crash-detection-stability-docker-core-retry1/trace.zip
    Usage:

        npx playwright show-trace ../../test-results/optimized-test-suite-⚡-Per-0b981-d-crash-detection-stability-docker-core-retry1/trace.zip

    ────────────────────────────────────────────────────────────────────────────────────────────────

    Retry #2 ───────────────────────────────────────────────────────────────────────────────────────

    Error: page.goto: net::ERR_FAILED at http://localhost:8849/portal
    Call log:
      - navigating to "http://localhost:8849/portal", waiting until "load"


      472 |
      473 |     for (const path of paths) {
    > 474 |       await page.goto(path);
          |                  ^
      475 |       await page.waitForTimeout(1000);
      476 |     }
      477 |
        at /app/tests/e2e/optimized-test-suite.spec.ts:474:18

    attachment #1: screenshot (image/png) ──────────────────────────────────────────────────────────
    ../../test-results/optimized-test-suite-⚡-Per-0b981-d-crash-detection-stability-docker-core-retry2/test-failed-1.png
    ────────────────────────────────────────────────────────────────────────────────────────────────

    attachment #2: video (video/webm) ──────────────────────────────────────────────────────────────
    ../../test-results/optimized-test-suite-⚡-Per-0b981-d-crash-detection-stability-docker-core-retry2/video.webm
    ────────────────────────────────────────────────────────────────────────────────────────────────

    attachment #3: trace (application/zip) ─────────────────────────────────────────────────────────
    ../../test-results/optimized-test-suite-⚡-Per-0b981-d-crash-detection-stability-docker-core-retry2/trace.zip
    Usage:

        npx playwright show-trace ../../test-results/optimized-test-suite-⚡-Per-0b981-d-crash-detection-stability-docker-core-retry2/trace.zip

    ────────────────────────────────────────────────────────────────────────────────────────────────

    Retry #3 ───────────────────────────────────────────────────────────────────────────────────────

    Error: page.goto: net::ERR_FAILED at http://localhost:8849/portal
    Call log:
      - navigating to "http://localhost:8849/portal", waiting until "load"


      472 |
      473 |     for (const path of paths) {
    > 474 |       await page.goto(path);
          |                  ^
      475 |       await page.waitForTimeout(1000);
      476 |     }
      477 |
        at /app/tests/e2e/optimized-test-suite.spec.ts:474:18

    attachment #1: screenshot (image/png) ──────────────────────────────────────────────────────────
    ../../test-results/optimized-test-suite-⚡-Per-0b981-d-crash-detection-stability-docker-core-retry3/test-failed-1.png
    ────────────────────────────────────────────────────────────────────────────────────────────────

    attachment #2: video (video/webm) ──────────────────────────────────────────────────────────────
    ../../test-results/optimized-test-suite-⚡-Per-0b981-d-crash-detection-stability-docker-core-retry3/video.webm
    ────────────────────────────────────────────────────────────────────────────────────────────────

    attachment #3: trace (application/zip) ─────────────────────────────────────────────────────────
    ../../test-results/optimized-test-suite-⚡-Per-0b981-d-crash-detection-stability-docker-core-retry3/trace.zip
    Usage:

        npx playwright show-trace ../../test-results/optimized-test-suite-⚡-Per-0b981-d-crash-detection-stability-docker-core-retry3/trace.zip

    ────────────────────────────────────────────────────────────────────────────────────────────────
]]>
</failure>
<system-out>
<![CDATA[
[[ATTACHMENT|../test-results/optimized-test-suite-⚡-Per-0b981-d-crash-detection-stability-docker-core/test-failed-1.png]]

[[ATTACHMENT|../test-results/optimized-test-suite-⚡-Per-0b981-d-crash-detection-stability-docker-core/video.webm]]

[[ATTACHMENT|../test-results/optimized-test-suite-⚡-Per-0b981-d-crash-detection-stability-docker-core/trace.zip]]

[[ATTACHMENT|../test-results/optimized-test-suite-⚡-Per-0b981-d-crash-detection-stability-docker-core-retry1/test-failed-1.png]]

[[ATTACHMENT|../test-results/optimized-test-suite-⚡-Per-0b981-d-crash-detection-stability-docker-core-retry1/video.webm]]

[[ATTACHMENT|../test-results/optimized-test-suite-⚡-Per-0b981-d-crash-detection-stability-docker-core-retry1/trace.zip]]

[[ATTACHMENT|../test-results/optimized-test-suite-⚡-Per-0b981-d-crash-detection-stability-docker-core-retry2/test-failed-1.png]]

[[ATTACHMENT|../test-results/optimized-test-suite-⚡-Per-0b981-d-crash-detection-stability-docker-core-retry2/video.webm]]

[[ATTACHMENT|../test-results/optimized-test-suite-⚡-Per-0b981-d-crash-detection-stability-docker-core-retry2/trace.zip]]

[[ATTACHMENT|../test-results/optimized-test-suite-⚡-Per-0b981-d-crash-detection-stability-docker-core-retry3/test-failed-1.png]]

[[ATTACHMENT|../test-results/optimized-test-suite-⚡-Per-0b981-d-crash-detection-stability-docker-core-retry3/video.webm]]

[[ATTACHMENT|../test-results/optimized-test-suite-⚡-Per-0b981-d-crash-detection-stability-docker-core-retry3/trace.zip]]
]]>
</system-out>
</testcase>
<testcase name="🔧 Core Feature Integration › authentication and session management @integration" classname="optimized-test-suite.spec.ts" time="100.505">
<failure message="optimized-test-suite.spec.ts:499:7 authentication and session management @integration" type="FAILURE">
<![CDATA[  [docker-core] › optimized-test-suite.spec.ts:499:7 › 🔧 Core Feature Integration › authentication and session management @integration 

    Error: Timed out 20000ms waiting for expect(page).toHaveURL(expected)

    Expected pattern: /\/portal\/?/
    Received string:  "chrome-error://chromewebdata/"
    Call log:
      - Expect "toHaveURL" with timeout 20000ms
        23 × unexpected value "chrome-error://chromewebdata/"


      502 |     // 1. Test login flow  
      503 |     await SimpleAuthHelpers.performLogin(page, 'test@test.com', 'test123');
    > 504 |     await expect(page).toHaveURL(/\/portal\/?/);
          |                        ^
      505 |
      506 |     // 2. Test session persistence across page loads
      507 |     await page.reload();
        at /app/tests/e2e/optimized-test-suite.spec.ts:504:24

    attachment #1: screenshot (image/png) ──────────────────────────────────────────────────────────
    ../../test-results/optimized-test-suite-🔧-Co-79524-sion-management-integration-docker-core/test-failed-1.png
    ────────────────────────────────────────────────────────────────────────────────────────────────

    attachment #2: video (video/webm) ──────────────────────────────────────────────────────────────
    ../../test-results/optimized-test-suite-🔧-Co-79524-sion-management-integration-docker-core/video.webm
    ────────────────────────────────────────────────────────────────────────────────────────────────

    attachment #3: trace (application/zip) ─────────────────────────────────────────────────────────
    ../../test-results/optimized-test-suite-🔧-Co-79524-sion-management-integration-docker-core/trace.zip
    Usage:

        npx playwright show-trace ../../test-results/optimized-test-suite-🔧-Co-79524-sion-management-integration-docker-core/trace.zip

    ────────────────────────────────────────────────────────────────────────────────────────────────

    Retry #1 ───────────────────────────────────────────────────────────────────────────────────────

    Error: Timed out 20000ms waiting for expect(page).toHaveURL(expected)

    Expected pattern: /\/portal\/?/
    Received string:  "chrome-error://chromewebdata/"
    Call log:
      - Expect "toHaveURL" with timeout 20000ms
        23 × unexpected value "chrome-error://chromewebdata/"


      502 |     // 1. Test login flow  
      503 |     await SimpleAuthHelpers.performLogin(page, 'test@test.com', 'test123');
    > 504 |     await expect(page).toHaveURL(/\/portal\/?/);
          |                        ^
      505 |
      506 |     // 2. Test session persistence across page loads
      507 |     await page.reload();
        at /app/tests/e2e/optimized-test-suite.spec.ts:504:24

    attachment #1: screenshot (image/png) ──────────────────────────────────────────────────────────
    ../../test-results/optimized-test-suite-🔧-Co-79524-sion-management-integration-docker-core-retry1/test-failed-1.png
    ────────────────────────────────────────────────────────────────────────────────────────────────

    attachment #2: video (video/webm) ──────────────────────────────────────────────────────────────
    ../../test-results/optimized-test-suite-🔧-Co-79524-sion-management-integration-docker-core-retry1/video.webm
    ────────────────────────────────────────────────────────────────────────────────────────────────

    attachment #3: trace (application/zip) ─────────────────────────────────────────────────────────
    ../../test-results/optimized-test-suite-🔧-Co-79524-sion-management-integration-docker-core-retry1/trace.zip
    Usage:

        npx playwright show-trace ../../test-results/optimized-test-suite-🔧-Co-79524-sion-management-integration-docker-core-retry1/trace.zip

    ────────────────────────────────────────────────────────────────────────────────────────────────

    Retry #2 ───────────────────────────────────────────────────────────────────────────────────────

    Error: Timed out 20000ms waiting for expect(page).toHaveURL(expected)

    Expected pattern: /\/portal\/?/
    Received string:  "chrome-error://chromewebdata/"
    Call log:
      - Expect "toHaveURL" with timeout 20000ms
        23 × unexpected value "chrome-error://chromewebdata/"


      502 |     // 1. Test login flow  
      503 |     await SimpleAuthHelpers.performLogin(page, 'test@test.com', 'test123');
    > 504 |     await expect(page).toHaveURL(/\/portal\/?/);
          |                        ^
      505 |
      506 |     // 2. Test session persistence across page loads
      507 |     await page.reload();
        at /app/tests/e2e/optimized-test-suite.spec.ts:504:24

    attachment #1: screenshot (image/png) ──────────────────────────────────────────────────────────
    ../../test-results/optimized-test-suite-🔧-Co-79524-sion-management-integration-docker-core-retry2/test-failed-1.png
    ────────────────────────────────────────────────────────────────────────────────────────────────

    attachment #2: video (video/webm) ──────────────────────────────────────────────────────────────
    ../../test-results/optimized-test-suite-🔧-Co-79524-sion-management-integration-docker-core-retry2/video.webm
    ────────────────────────────────────────────────────────────────────────────────────────────────

    attachment #3: trace (application/zip) ─────────────────────────────────────────────────────────
    ../../test-results/optimized-test-suite-🔧-Co-79524-sion-management-integration-docker-core-retry2/trace.zip
    Usage:

        npx playwright show-trace ../../test-results/optimized-test-suite-🔧-Co-79524-sion-management-integration-docker-core-retry2/trace.zip

    ────────────────────────────────────────────────────────────────────────────────────────────────

    Retry #3 ───────────────────────────────────────────────────────────────────────────────────────

    Error: Timed out 20000ms waiting for expect(page).toHaveURL(expected)

    Expected pattern: /\/portal\/?/
    Received string:  "chrome-error://chromewebdata/"
    Call log:
      - Expect "toHaveURL" with timeout 20000ms
        23 × unexpected value "chrome-error://chromewebdata/"


      502 |     // 1. Test login flow  
      503 |     await SimpleAuthHelpers.performLogin(page, 'test@test.com', 'test123');
    > 504 |     await expect(page).toHaveURL(/\/portal\/?/);
          |                        ^
      505 |
      506 |     // 2. Test session persistence across page loads
      507 |     await page.reload();
        at /app/tests/e2e/optimized-test-suite.spec.ts:504:24

    attachment #1: screenshot (image/png) ──────────────────────────────────────────────────────────
    ../../test-results/optimized-test-suite-🔧-Co-79524-sion-management-integration-docker-core-retry3/test-failed-1.png
    ────────────────────────────────────────────────────────────────────────────────────────────────

    attachment #2: video (video/webm) ──────────────────────────────────────────────────────────────
    ../../test-results/optimized-test-suite-🔧-Co-79524-sion-management-integration-docker-core-retry3/video.webm
    ────────────────────────────────────────────────────────────────────────────────────────────────

    attachment #3: trace (application/zip) ─────────────────────────────────────────────────────────
    ../../test-results/optimized-test-suite-🔧-Co-79524-sion-management-integration-docker-core-retry3/trace.zip
    Usage:

        npx playwright show-trace ../../test-results/optimized-test-suite-🔧-Co-79524-sion-management-integration-docker-core-retry3/trace.zip

    ────────────────────────────────────────────────────────────────────────────────────────────────
]]>
</failure>
<system-out>
<![CDATA[🔐 Logging in as test@test.com...
📍 Post-login URL: chrome-error://chromewebdata/

[[ATTACHMENT|../test-results/optimized-test-suite-🔧-Co-79524-sion-management-integration-docker-core/test-failed-1.png]]

[[ATTACHMENT|../test-results/optimized-test-suite-🔧-Co-79524-sion-management-integration-docker-core/video.webm]]

[[ATTACHMENT|../test-results/optimized-test-suite-🔧-Co-79524-sion-management-integration-docker-core/trace.zip]]
🔐 Logging in as test@test.com...
📍 Post-login URL: chrome-error://chromewebdata/

[[ATTACHMENT|../test-results/optimized-test-suite-🔧-Co-79524-sion-management-integration-docker-core-retry1/test-failed-1.png]]

[[ATTACHMENT|../test-results/optimized-test-suite-🔧-Co-79524-sion-management-integration-docker-core-retry1/video.webm]]

[[ATTACHMENT|../test-results/optimized-test-suite-🔧-Co-79524-sion-management-integration-docker-core-retry1/trace.zip]]
🔐 Logging in as test@test.com...
📍 Post-login URL: chrome-error://chromewebdata/

[[ATTACHMENT|../test-results/optimized-test-suite-🔧-Co-79524-sion-management-integration-docker-core-retry2/test-failed-1.png]]

[[ATTACHMENT|../test-results/optimized-test-suite-🔧-Co-79524-sion-management-integration-docker-core-retry2/video.webm]]

[[ATTACHMENT|../test-results/optimized-test-suite-🔧-Co-79524-sion-management-integration-docker-core-retry2/trace.zip]]
🔐 Logging in as test@test.com...
📍 Post-login URL: chrome-error://chromewebdata/

[[ATTACHMENT|../test-results/optimized-test-suite-🔧-Co-79524-sion-management-integration-docker-core-retry3/test-failed-1.png]]

[[ATTACHMENT|../test-results/optimized-test-suite-🔧-Co-79524-sion-management-integration-docker-core-retry3/video.webm]]

[[ATTACHMENT|../test-results/optimized-test-suite-🔧-Co-79524-sion-management-integration-docker-core-retry3/trace.zip]]
]]>
</system-out>
</testcase>
<testcase name="🔧 Core Feature Integration › theme system and UI consistency @ui" classname="optimized-test-suite.spec.ts" time="1.019">
<system-out>
<![CDATA[⚠️ Theme toggle not found
]]>
</system-out>
</testcase>
<testcase name="♿ Essential Accessibility › keyboard navigation basics @accessibility" classname="optimized-test-suite.spec.ts" time="1.168">
<system-out>
<![CDATA[✅ Keyboard navigation working, focused: 
]]>
</system-out>
</testcase>
<testcase name="♿ Essential Accessibility › mobile viewport adaptation @mobile" classname="optimized-test-suite.spec.ts" time="1.195">
<system-out>
<![CDATA[✅ Mobile viewport: no horizontal scroll (375px vs 375px)
]]>
</system-out>
</testcase>
</testsuite>
<testsuite name="verify-dummy-data.spec.ts" timestamp="2025-09-03T19:28:11.766Z" hostname="docker-core" tests="4" failures="0" skipped="0" time="11.611" errors="0">
<testcase name="🧪 Data Verification › Staff portal shows populated data @smoke @data-verification" classname="verify-dummy-data.spec.ts" time="3.919">
<system-out>
<![CDATA[🔍 Testing staff portal data visibility...
🎯 Comprehensive login as staff...
🚀 Using quick login button for staff...
✅ Found staff quick login button
📍 After quick login: chrome-error://chromewebdata/
⚠️ Continuing test despite login failure...
📊 Found 0 stat/metric elements on dashboard
📊 Testing dashboard tabs...
📊 Final results - Stats: 0, Customers: 0, Packages: 0
⚠️ No customer elements found - possible routing issue
⚠️ No package elements found - possible routing issue
]]>
</system-out>
<system-err>
<![CDATA[❌ Login failed: Login failed - redirected to error page: chrome-error://chromewebdata/
]]>
</system-err>
</testcase>
<testcase name="🧪 Data Verification › Customer portal functionality @smoke @data-verification" classname="verify-dummy-data.spec.ts" time="3.8">
<system-out>
<![CDATA[🔍 Testing customer portal...
📸 Customer portal screenshot saved
]]>
</system-out>
</testcase>
<testcase name="🧪 Data Verification › Driver portal functionality @smoke @data-verification" classname="verify-dummy-data.spec.ts" time="3.594">
<system-out>
<![CDATA[🔍 Testing driver portal...
📸 Driver portal screenshot saved
]]>
</system-out>
</testcase>
<testcase name="🧪 Data Verification › Database API endpoints return populated data @api @data-verification" classname="verify-dummy-data.spec.ts" time="0.298">
<system-out>
<![CDATA[🔍 Testing API endpoints with populated data...
👥 Customers API status: [33m401[39m
📦 Packages API status: [33m401[39m
🚛 Loads API status: [33m401[39m
]]>
</system-out>
</testcase>
</testsuite>
</testsuites>